Flow report for laboratorio_VHDL_Luigi
Fri Oct 26 22:03:35 2018
Quartus Prime Version 18.0.0 Build 614 04/24/2018 SJ Lite Edition


---------------------
; Table of Contents ;
---------------------
  1. Legal Notice
  2. Flow Summary
  3. Flow Settings
  4. Flow Non-Default Global Settings
  5. Flow Elapsed Time
  6. Flow OS Summary
  7. Flow Log
  8. Flow Messages
  9. Flow Suppressed Messages



----------------
; Legal Notice ;
----------------
Copyright (C) 2018  Intel Corporation. All rights reserved.
Your use of Intel Corporation's design tools, logic functions 
and other software and tools, and its AMPP partner logic 
functions, and any output files from any of the foregoing 
(including device programming or simulation files), and any 
associated documentation or information are expressly subject 
to the terms and conditions of the Intel Program License 
Subscription Agreement, the Intel Quartus Prime License Agreement,
the Intel FPGA IP License Agreement, or other applicable license
agreement, including, without limitation, that your use is for
the sole purpose of programming logic devices manufactured by
Intel and sold by Intel or its authorized distributors.  Please
refer to the applicable agreement for further details.



+-------------------------------------------------------------------------------+
; Flow Summary                                                                  ;
+---------------------------------+---------------------------------------------+
; Flow Status                     ; Successful - Fri Oct 26 22:03:35 2018       ;
; Quartus Prime Version           ; 18.0.0 Build 614 04/24/2018 SJ Lite Edition ;
; Revision Name                   ; laboratorio_VHDL_Luigi                      ;
; Top-level Entity Name           ; memoria_ROM_16_bits                         ;
; Family                          ; Cyclone V                                   ;
; Device                          ; 5CGXFC7C7F23C8                              ;
; Timing Models                   ; Final                                       ;
; Logic utilization (in ALMs)     ; 1 / 56,480 ( < 1 % )                        ;
; Total registers                 ; 0                                           ;
; Total pins                      ; 22 / 268 ( 8 % )                            ;
; Total virtual pins              ; 0                                           ;
; Total block memory bits         ; 0 / 7,024,640 ( 0 % )                       ;
; Total DSP Blocks                ; 0 / 156 ( 0 % )                             ;
; Total HSSI RX PCSs              ; 0 / 6 ( 0 % )                               ;
; Total HSSI PMA RX Deserializers ; 0 / 6 ( 0 % )                               ;
; Total HSSI TX PCSs              ; 0 / 6 ( 0 % )                               ;
; Total HSSI PMA TX Serializers   ; 0 / 6 ( 0 % )                               ;
; Total PLLs                      ; 0 / 13 ( 0 % )                              ;
; Total DLLs                      ; 0 / 4 ( 0 % )                               ;
+---------------------------------+---------------------------------------------+


+--------------------------------------------+
; Flow Settings                              ;
+-------------------+------------------------+
; Option            ; Setting                ;
+-------------------+------------------------+
; Start date & time ; 10/26/2018 21:46:51    ;
; Main task         ; Compilation            ;
; Revision Name     ; laboratorio_VHDL_Luigi ;
+-------------------+------------------------+


+----------------------------------------------------------------------------------------------------------------------------------------------+
; Flow Non-Default Global Settings                                                                                                             ;
+-------------------------------------+----------------------------------------+------------------------+---------------------+----------------+
; Assignment Name                     ; Value                                  ; Default Value          ; Entity Name         ; Section Id     ;
+-------------------------------------+----------------------------------------+------------------------+---------------------+----------------+
; COMPILER_SIGNATURE_ID               ; 139405294588281.154060481105748        ; --                     ; --                  ; --             ;
; EDA_OUTPUT_DATA_FORMAT              ; Vhdl                                   ; --                     ; --                  ; eda_simulation ;
; EDA_SIMULATION_TOOL                 ; ModelSim-Altera (VHDL)                 ; <None>                 ; --                  ; --             ;
; EDA_TIME_SCALE                      ; 1 ps                                   ; --                     ; --                  ; eda_simulation ;
; MAX_CORE_JUNCTION_TEMP              ; 85                                     ; --                     ; --                  ; --             ;
; MIN_CORE_JUNCTION_TEMP              ; 0                                      ; --                     ; --                  ; --             ;
; PARTITION_COLOR                     ; -- (Not supported for targeted family) ; --                     ; memoria_ROM_16_bits ; Top            ;
; PARTITION_FITTER_PRESERVATION_LEVEL ; -- (Not supported for targeted family) ; --                     ; memoria_ROM_16_bits ; Top            ;
; PARTITION_NETLIST_TYPE              ; -- (Not supported for targeted family) ; --                     ; memoria_ROM_16_bits ; Top            ;
; POWER_BOARD_THERMAL_MODEL           ; None (CONSERVATIVE)                    ; --                     ; --                  ; --             ;
; POWER_PRESET_COOLING_SOLUTION       ; 23 MM HEAT SINK WITH 200 LFPM AIRFLOW  ; --                     ; --                  ; --             ;
; PROJECT_OUTPUT_DIRECTORY            ; output_files                           ; --                     ; --                  ; --             ;
; TOP_LEVEL_ENTITY                    ; memoria_ROM_16_bits                    ; laboratorio_VHDL_Luigi ; --                  ; --             ;
+-------------------------------------+----------------------------------------+------------------------+---------------------+----------------+


+--------------------------------------------------------------------------------------------------------------------------+
; Flow Elapsed Time                                                                                                        ;
+----------------------+--------------+-------------------------+---------------------+------------------------------------+
; Module Name          ; Elapsed Time ; Average Processors Used ; Peak Virtual Memory ; Total CPU Time (on all processors) ;
+----------------------+--------------+-------------------------+---------------------+------------------------------------+
; Analysis & Synthesis ; 00:00:27     ; 1.0                     ; 708 MB              ; 00:00:59                           ;
; Fitter               ; 00:01:08     ; 1.0                     ; 2194 MB             ; 00:01:37                           ;
; Assembler            ; 00:00:18     ; 1.0                     ; 679 MB              ; 00:00:14                           ;
; Timing Analyzer      ; 00:00:12     ; 1.0                     ; 957 MB              ; 00:00:10                           ;
; EDA Netlist Writer   ; 00:00:02     ; 1.0                     ; 589 MB              ; 00:00:02                           ;
; EDA Netlist Writer   ; 00:00:03     ; 1.0                     ; 565 MB              ; 00:00:02                           ;
; EDA Netlist Writer   ; 00:00:03     ; 1.0                     ; 569 MB              ; 00:00:02                           ;
; EDA Netlist Writer   ; 00:00:02     ; 1.0                     ; 578 MB              ; 00:00:02                           ;
; EDA Netlist Writer   ; 00:00:02     ; 1.0                     ; 569 MB              ; 00:00:02                           ;
; EDA Netlist Writer   ; 00:00:02     ; 1.0                     ; 578 MB              ; 00:00:02                           ;
; EDA Netlist Writer   ; 00:00:02     ; 1.0                     ; 569 MB              ; 00:00:02                           ;
; EDA Netlist Writer   ; 00:00:02     ; 1.0                     ; 578 MB              ; 00:00:02                           ;
; EDA Netlist Writer   ; 00:00:02     ; 1.0                     ; 569 MB              ; 00:00:02                           ;
; EDA Netlist Writer   ; 00:00:02     ; 1.0                     ; 578 MB              ; 00:00:02                           ;
; EDA Netlist Writer   ; 00:00:02     ; 1.0                     ; 569 MB              ; 00:00:03                           ;
; EDA Netlist Writer   ; 00:00:03     ; 1.0                     ; 578 MB              ; 00:00:03                           ;
; Total                ; 00:02:32     ; --                      ; --                  ; 00:03:26                           ;
+----------------------+--------------+-------------------------+---------------------+------------------------------------+


+-----------------------------------------------------------------------------------+
; Flow OS Summary                                                                   ;
+----------------------+------------------+-----------+------------+----------------+
; Module Name          ; Machine Hostname ; OS Name   ; OS Version ; Processor type ;
+----------------------+------------------+-----------+------------+----------------+
; Analysis & Synthesis ; LinharesFilho    ; Windows 7 ; 6.1        ; x86_64         ;
; Fitter               ; LinharesFilho    ; Windows 7 ; 6.1        ; x86_64         ;
; Assembler            ; LinharesFilho    ; Windows 7 ; 6.1        ; x86_64         ;
; Timing Analyzer      ; LinharesFilho    ; Windows 7 ; 6.1        ; x86_64         ;
; EDA Netlist Writer   ; LinharesFilho    ; Windows 7 ; 6.1        ; x86_64         ;
; EDA Netlist Writer   ; LinharesFilho    ; Windows 7 ; 6.1        ; x86_64         ;
; EDA Netlist Writer   ; LinharesFilho    ; Windows 7 ; 6.1        ; x86_64         ;
; EDA Netlist Writer   ; LinharesFilho    ; Windows 7 ; 6.1        ; x86_64         ;
; EDA Netlist Writer   ; LinharesFilho    ; Windows 7 ; 6.1        ; x86_64         ;
; EDA Netlist Writer   ; LinharesFilho    ; Windows 7 ; 6.1        ; x86_64         ;
; EDA Netlist Writer   ; LinharesFilho    ; Windows 7 ; 6.1        ; x86_64         ;
; EDA Netlist Writer   ; LinharesFilho    ; Windows 7 ; 6.1        ; x86_64         ;
; EDA Netlist Writer   ; LinharesFilho    ; Windows 7 ; 6.1        ; x86_64         ;
; EDA Netlist Writer   ; LinharesFilho    ; Windows 7 ; 6.1        ; x86_64         ;
; EDA Netlist Writer   ; LinharesFilho    ; Windows 7 ; 6.1        ; x86_64         ;
; EDA Netlist Writer   ; LinharesFilho    ; Windows 7 ; 6.1        ; x86_64         ;
+----------------------+------------------+-----------+------------+----------------+


------------
; Flow Log ;
------------
quartus_map --read_settings_files=on --write_settings_files=off laboratorio_VHDL_Luigi -c laboratorio_VHDL_Luigi
quartus_fit --read_settings_files=off --write_settings_files=off laboratorio_VHDL_Luigi -c laboratorio_VHDL_Luigi
quartus_asm --read_settings_files=off --write_settings_files=off laboratorio_VHDL_Luigi -c laboratorio_VHDL_Luigi
quartus_sta laboratorio_VHDL_Luigi -c laboratorio_VHDL_Luigi
quartus_eda --read_settings_files=off --write_settings_files=off laboratorio_VHDL_Luigi -c laboratorio_VHDL_Luigi
quartus_eda --gen_testbench --tool=modelsim_oem --format=vhdl --write_settings_files=off laboratorio_VHDL_Luigi -c laboratorio_VHDL_Luigi --vector_source=C:/Trabalhos_AOC/lab_vhdl_Luigi_Muller_Sousa_Linhares_aoc2018/Waveform.vwf --testbench_file=C:/Trabalhos_AOC/lab_vhdl_Luigi_Muller_Sousa_Linhares_aoc2018/simulation/qsim/Waveform.vwf.vht
quartus_eda --gen_testbench --tool=modelsim_oem --format=vhdl --write_settings_files=off laboratorio_VHDL_Luigi -c laboratorio_VHDL_Luigi --vector_source=C:/Trabalhos_AOC/lab_vhdl_Luigi_Muller_Sousa_Linhares_aoc2018/memoria_ROM_16_bits.vwf --testbench_file=C:/Trabalhos_AOC/lab_vhdl_Luigi_Muller_Sousa_Linhares_aoc2018/simulation/qsim/memoria_ROM_16_bits.vwf.vht
quartus_eda --write_settings_files=off --simulation=on --functional=on --flatten_buses=off --tool=modelsim_oem --format=vhdl --output_directory=C:/Trabalhos_AOC/lab_vhdl_Luigi_Muller_Sousa_Linhares_aoc2018/simulation/qsim/ laboratorio_VHDL_Luigi -c laboratorio_VHDL_Luigi
quartus_eda --gen_testbench --tool=modelsim_oem --format=vhdl --write_settings_files=off laboratorio_VHDL_Luigi -c laboratorio_VHDL_Luigi --vector_source=C:/Trabalhos_AOC/lab_vhdl_Luigi_Muller_Sousa_Linhares_aoc2018/memoria_ROM_16_bits.vwf --testbench_file=C:/Trabalhos_AOC/lab_vhdl_Luigi_Muller_Sousa_Linhares_aoc2018/simulation/qsim/memoria_ROM_16_bits.vwf.vht
quartus_eda --write_settings_files=off --simulation=on --functional=on --flatten_buses=off --tool=modelsim_oem --format=vhdl --output_directory=C:/Trabalhos_AOC/lab_vhdl_Luigi_Muller_Sousa_Linhares_aoc2018/simulation/qsim/ laboratorio_VHDL_Luigi -c laboratorio_VHDL_Luigi
quartus_eda --gen_testbench --tool=modelsim_oem --format=vhdl --write_settings_files=off laboratorio_VHDL_Luigi -c laboratorio_VHDL_Luigi --vector_source=C:/Trabalhos_AOC/lab_vhdl_Luigi_Muller_Sousa_Linhares_aoc2018/memoria_ROM_16_bits.vwf --testbench_file=C:/Trabalhos_AOC/lab_vhdl_Luigi_Muller_Sousa_Linhares_aoc2018/simulation/qsim/memoria_ROM_16_bits.vwf.vht
quartus_eda --write_settings_files=off --simulation=on --functional=on --flatten_buses=off --tool=modelsim_oem --format=vhdl --output_directory=C:/Trabalhos_AOC/lab_vhdl_Luigi_Muller_Sousa_Linhares_aoc2018/simulation/qsim/ laboratorio_VHDL_Luigi -c laboratorio_VHDL_Luigi
quartus_eda --gen_testbench --tool=modelsim_oem --format=vhdl --write_settings_files=off laboratorio_VHDL_Luigi -c laboratorio_VHDL_Luigi --vector_source=C:/Trabalhos_AOC/lab_vhdl_Luigi_Muller_Sousa_Linhares_aoc2018/memoria_ROM_16_bits.vwf --testbench_file=C:/Trabalhos_AOC/lab_vhdl_Luigi_Muller_Sousa_Linhares_aoc2018/simulation/qsim/memoria_ROM_16_bits.vwf.vht
quartus_eda --write_settings_files=off --simulation=on --functional=on --flatten_buses=off --tool=modelsim_oem --format=vhdl --output_directory=C:/Trabalhos_AOC/lab_vhdl_Luigi_Muller_Sousa_Linhares_aoc2018/simulation/qsim/ laboratorio_VHDL_Luigi -c laboratorio_VHDL_Luigi
quartus_eda --gen_testbench --tool=modelsim_oem --format=vhdl --write_settings_files=off laboratorio_VHDL_Luigi -c laboratorio_VHDL_Luigi --vector_source=C:/Trabalhos_AOC/lab_vhdl_Luigi_Muller_Sousa_Linhares_aoc2018/memoria_ROM_16_bits.vwf --testbench_file=C:/Trabalhos_AOC/lab_vhdl_Luigi_Muller_Sousa_Linhares_aoc2018/simulation/qsim/memoria_ROM_16_bits.vwf.vht
quartus_eda --write_settings_files=off --simulation=on --functional=on --flatten_buses=off --tool=modelsim_oem --format=vhdl --output_directory=C:/Trabalhos_AOC/lab_vhdl_Luigi_Muller_Sousa_Linhares_aoc2018/simulation/qsim/ laboratorio_VHDL_Luigi -c laboratorio_VHDL_Luigi



